{
  message: 'Database connected successfully',
  level: 'info',
  service: 'user-service',
  label: 'UM',
  timestamp: '2024-02-28T04:02:37.555Z'
}
{
  message: 'App listening on port 5000',
  level: 'info',
  service: 'user-service',
  label: 'UM',
  timestamp: '2024-02-28T04:02:37.590Z'
}
{
  message: 'Database connected successfully',
  level: 'info',
  service: 'user-service',
  label: 'UM',
  timestamp: '2024-02-28T04:02:48.395Z'
}
{
  message: 'App listening on port 5000',
  level: 'info',
  service: 'user-service',
  label: 'UM',
  timestamp: '2024-02-28T04:02:48.460Z'
}
{
  message: 'Database connected successfully',
  level: 'info',
  service: 'user-service',
  label: 'UM',
  timestamp: '2024-02-28T04:07:15.850Z'
}
{
  message: 'App listening on port 5000',
  level: 'info',
  service: 'user-service',
  label: 'UM',
  timestamp: '2024-02-28T04:07:15.895Z'
}
{
  message: 'Database connected successfully',
  level: 'info',
  service: 'user-service',
  label: 'UM',
  timestamp: '2024-02-28T04:07:45.817Z'
}
{
  message: 'App listening on port 5000',
  level: 'info',
  service: 'user-service',
  label: 'UM',
  timestamp: '2024-02-28T04:07:45.873Z'
}
{
  message: 'Database connected successfully',
  level: 'info',
  service: 'user-service',
  label: 'UM',
  timestamp: '2024-02-28T04:08:55.963Z'
}
{
  message: 'App listening on port 5000',
  level: 'info',
  service: 'user-service',
  label: 'UM',
  timestamp: '2024-02-28T04:08:55.990Z'
}
{
  message: 'Database connected successfully',
  level: 'info',
  service: 'user-service',
  label: 'UM',
  timestamp: '2024-02-28T04:09:08.484Z'
}
{
  message: 'App listening on port 5000',
  level: 'info',
  service: 'user-service',
  label: 'UM',
  timestamp: '2024-02-28T04:09:08.541Z'
}
{
  message: 'Database connected successfully',
  level: 'info',
  service: 'user-service',
  label: 'UM',
  timestamp: '2024-02-28T04:19:03.758Z'
}
{
  message: 'App listening on port 5000',
  level: 'info',
  service: 'user-service',
  label: 'UM',
  timestamp: '2024-02-28T04:19:03.829Z'
}
{
  message: 'Database connected successfully',
  level: 'info',
  service: 'user-service',
  label: 'UM',
  timestamp: '2024-02-28T04:21:04.322Z'
}
{
  message: 'App listening on port 5000',
  level: 'info',
  service: 'user-service',
  label: 'UM',
  timestamp: '2024-02-28T04:21:04.384Z'
}
{
  message: 'Database connected successfully',
  level: 'info',
  service: 'user-service',
  label: 'UM',
  timestamp: '2024-02-28T04:21:59.325Z'
}
{
  message: 'App listening on port 5000',
  level: 'info',
  service: 'user-service',
  label: 'UM',
  timestamp: '2024-02-28T04:21:59.371Z'
}
{
  message: 'Database connected successfully',
  level: 'info',
  service: 'user-service',
  label: 'UM',
  timestamp: '2024-02-28T04:22:45.970Z'
}
{
  message: 'App listening on port 5000',
  level: 'info',
  service: 'user-service',
  label: 'UM',
  timestamp: '2024-02-28T04:22:45.995Z'
}
{
  message: 'Database connected successfully',
  level: 'info',
  service: 'user-service',
  label: 'UM',
  timestamp: '2024-02-28T04:23:51.871Z'
}
{
  message: 'App listening on port 5000',
  level: 'info',
  service: 'user-service',
  label: 'UM',
  timestamp: '2024-02-28T04:23:51.967Z'
}
