{
  message: 'Database connected successfully',
  level: 'info',
  service: 'user-service',
  label: 'UM',
  timestamp: '2024-02-23T05:51:36.854Z'
}
{
  message: 'App listening on port 5000',
  level: 'info',
  service: 'user-service',
  label: 'UM',
  timestamp: '2024-02-23T05:51:36.885Z'
}
{
  message: 'Database connected successfully',
  level: 'info',
  service: 'user-service',
  label: 'UM',
  timestamp: '2024-02-23T05:52:36.749Z'
}
{
  message: 'App listening on port 5000',
  level: 'info',
  service: 'user-service',
  label: 'UM',
  timestamp: '2024-02-23T05:52:36.782Z'
}
