{
  message: 'Database connected successfully',
  level: 'info',
  service: 'user-service',
  label: 'UM',
  timestamp: '2024-03-01T04:43:01.266Z'
}
{
  message: 'App listening on port 5000',
  level: 'info',
  service: 'user-service',
  label: 'UM',
  timestamp: '2024-03-01T04:43:01.384Z'
}
{
  message: 'Database connected successfully',
  level: 'info',
  service: 'user-service',
  label: 'UM',
  timestamp: '2024-03-01T04:44:37.392Z'
}
{
  message: 'App listening on port 5000',
  level: 'info',
  service: 'user-service',
  label: 'UM',
  timestamp: '2024-03-01T04:44:37.451Z'
}
{
  message: 'Database connected successfully',
  level: 'info',
  service: 'user-service',
  label: 'UM',
  timestamp: '2024-03-01T04:44:41.470Z'
}
{
  message: 'App listening on port 5000',
  level: 'info',
  service: 'user-service',
  label: 'UM',
  timestamp: '2024-03-01T04:44:41.496Z'
}
{
  message: 'Database connected successfully',
  level: 'info',
  service: 'user-service',
  label: 'UM',
  timestamp: '2024-03-01T04:45:19.051Z'
}
{
  message: 'App listening on port 5000',
  level: 'info',
  service: 'user-service',
  label: 'UM',
  timestamp: '2024-03-01T04:45:19.080Z'
}
{
  message: 'Database connected successfully',
  level: 'info',
  service: 'user-service',
  label: 'UM',
  timestamp: '2024-03-01T04:55:10.572Z'
}
{
  message: 'App listening on port 5000',
  level: 'info',
  service: 'user-service',
  label: 'UM',
  timestamp: '2024-03-01T04:55:10.715Z'
}
{
  message: 'Database connected successfully',
  level: 'info',
  service: 'user-service',
  label: 'UM',
  timestamp: '2024-03-01T04:57:24.278Z'
}
{
  message: 'App listening on port 5000',
  level: 'info',
  service: 'user-service',
  label: 'UM',
  timestamp: '2024-03-01T04:57:24.313Z'
}
