{
  service: 'user-service',
  issues: [
    {
      expected: "'January' | 'February' | 'March' | 'April' | 'May' | 'June' | 'July' | 'August' | 'September' | 'October' | 'November' | 'December'",
      received: 'undefined',
      code: 'invalid_type',
      path: [ 'body', 'startMonth' ],
      message: 'Start month is required'
    }
  ],
  addIssue: [Function (anonymous)],
  addIssues: [Function (anonymous)],
  name: 'ZodError',
  level: 'error',
  message: '🔥 globalErrorHandler [\n' +
    '  {\n' +
    `    "expected": "'January' | 'February' | 'March' | 'April' | 'May' | 'June' | 'July' | 'August' | 'September' | 'October' | 'November' | 'December'",\n` +
    '    "received": "undefined",\n' +
    '    "code": "invalid_type",\n' +
    '    "path": [\n' +
    '      "body",\n' +
    '      "startMonth"\n' +
    '    ],\n' +
    '    "message": "Start month is required"\n' +
    '  }\n' +
    ']',
  stack: 'ZodError: [\n' +
    '  {\n' +
    `    "expected": "'January' | 'February' | 'March' | 'April' | 'May' | 'June' | 'July' | 'August' | 'September' | 'October' | 'November' | 'December'",\n` +
    '    "received": "undefined",\n' +
    '    "code": "invalid_type",\n' +
    '    "path": [\n' +
    '      "body",\n' +
    '      "startMonth"\n' +
    '    ],\n' +
    '    "message": "Start month is required"\n' +
    '  }\n' +
    ']\n' +
    '    at Object.get error [as error] (/home/nayeem/Desktop/code/university-management-syestem/node_modules/zod/lib/types.js:43:31)\n' +
    '    at ZodObject.parseAsync (/home/nayeem/Desktop/code/university-management-syestem/node_modules/zod/lib/types.js:166:22)\n' +
    '    at processTicksAndRejections (node:internal/process/task_queues:95:5)',
  label: 'UM',
  timestamp: '2024-03-07T06:10:50.498Z'
}
{
  service: 'user-service',
  statusCode: 409,
  level: 'error',
  message: '🔥 globalErrorHandler Academic semester already exist',
  stack: 'Error: Academic semester already exist\n' +
    '    at model.<anonymous> (/home/nayeem/Desktop/code/university-management-syestem/src/app/modules/academicSemester/academicSemester.model.ts:51:11)\n' +
    '    at Generator.next (<anonymous>)\n' +
    '    at fulfilled (/home/nayeem/Desktop/code/university-management-syestem/src/app/modules/academicSemester/academicSemester.model.ts:5:58)\n' +
    '    at processTicksAndRejections (node:internal/process/task_queues:95:5)',
  label: 'UM',
  timestamp: '2024-03-07T06:10:56.725Z'
}
{
  service: 'user-service',
  issues: [
    {
      received: '023',
      code: 'invalid_enum_value',
      options: [ '01', '02', '03' ],
      path: [ 'body', 'code' ],
      message: "Invalid enum value. Expected '01' | '02' | '03', received '023'"
    }
  ],
  addIssue: [Function (anonymous)],
  addIssues: [Function (anonymous)],
  name: 'ZodError',
  level: 'error',
  message: '🔥 globalErrorHandler [\n' +
    '  {\n' +
    '    "received": "023",\n' +
    '    "code": "invalid_enum_value",\n' +
    '    "options": [\n' +
    '      "01",\n' +
    '      "02",\n' +
    '      "03"\n' +
    '    ],\n' +
    '    "path": [\n' +
    '      "body",\n' +
    '      "code"\n' +
    '    ],\n' +
    `    "message": "Invalid enum value. Expected '01' | '02' | '03', received '023'"\n` +
    '  }\n' +
    ']',
  stack: 'ZodError: [\n' +
    '  {\n' +
    '    "received": "023",\n' +
    '    "code": "invalid_enum_value",\n' +
    '    "options": [\n' +
    '      "01",\n' +
    '      "02",\n' +
    '      "03"\n' +
    '    ],\n' +
    '    "path": [\n' +
    '      "body",\n' +
    '      "code"\n' +
    '    ],\n' +
    `    "message": "Invalid enum value. Expected '01' | '02' | '03', received '023'"\n` +
    '  }\n' +
    ']\n' +
    '    at Object.get error [as error] (/home/nayeem/Desktop/code/university-management-syestem/node_modules/zod/lib/types.js:43:31)\n' +
    '    at ZodObject.parseAsync (/home/nayeem/Desktop/code/university-management-syestem/node_modules/zod/lib/types.js:166:22)\n' +
    '    at processTicksAndRejections (node:internal/process/task_queues:95:5)',
  label: 'UM',
  timestamp: '2024-03-07T06:11:04.626Z'
}
{
  service: 'user-service',
  statusCode: 409,
  level: 'error',
  message: '🔥 globalErrorHandler Academic semester already exist',
  stack: 'Error: Academic semester already exist\n' +
    '    at model.<anonymous> (/home/nayeem/Desktop/code/university-management-syestem/src/app/modules/academicSemester/academicSemester.model.ts:51:11)\n' +
    '    at Generator.next (<anonymous>)\n' +
    '    at fulfilled (/home/nayeem/Desktop/code/university-management-syestem/src/app/modules/academicSemester/academicSemester.model.ts:5:58)\n' +
    '    at processTicksAndRejections (node:internal/process/task_queues:95:5)',
  label: 'UM',
  timestamp: '2024-03-07T06:11:19.006Z'
}
{
  service: 'user-service',
  issues: [
    {
      code: 'invalid_type',
      expected: 'string',
      received: 'undefined',
      path: [ 'body', 'user', 'role' ],
      message: 'Role is required'
    }
  ],
  addIssue: [Function (anonymous)],
  addIssues: [Function (anonymous)],
  name: 'ZodError',
  level: 'error',
  message: '🔥 globalErrorHandler [\n' +
    '  {\n' +
    '    "code": "invalid_type",\n' +
    '    "expected": "string",\n' +
    '    "received": "undefined",\n' +
    '    "path": [\n' +
    '      "body",\n' +
    '      "user",\n' +
    '      "role"\n' +
    '    ],\n' +
    '    "message": "Role is required"\n' +
    '  }\n' +
    ']',
  stack: 'ZodError: [\n' +
    '  {\n' +
    '    "code": "invalid_type",\n' +
    '    "expected": "string",\n' +
    '    "received": "undefined",\n' +
    '    "path": [\n' +
    '      "body",\n' +
    '      "user",\n' +
    '      "role"\n' +
    '    ],\n' +
    '    "message": "Role is required"\n' +
    '  }\n' +
    ']\n' +
    '    at Object.get error [as error] (/home/nayeem/Desktop/code/university-management-syestem/node_modules/zod/lib/types.js:43:31)\n' +
    '    at ZodObject.parseAsync (/home/nayeem/Desktop/code/university-management-syestem/node_modules/zod/lib/types.js:166:22)\n' +
    '    at processTicksAndRejections (node:internal/process/task_queues:95:5)',
  label: 'UM',
  timestamp: '2024-03-07T06:14:37.032Z'
}
{
  service: 'user-service',
  statusCode: 409,
  level: 'error',
  message: '🔥 globalErrorHandler Academic semester already exist',
  stack: 'Error: Academic semester already exist\n' +
    '    at model.<anonymous> (/home/nayeem/Desktop/code/university-management-syestem/src/app/modules/academicSemester/academicSemester.model.ts:51:11)\n' +
    '    at Generator.next (<anonymous>)\n' +
    '    at fulfilled (/home/nayeem/Desktop/code/university-management-syestem/src/app/modules/academicSemester/academicSemester.model.ts:5:58)\n' +
    '    at processTicksAndRejections (node:internal/process/task_queues:95:5)',
  label: 'UM',
  timestamp: '2024-03-07T06:39:15.728Z'
}
{
  service: 'user-service',
  issues: [
    {
      received: 'Autm',
      code: 'invalid_enum_value',
      options: [ 'Autumn', 'Summer', 'Fall' ],
      path: [ 'body', 'title' ],
      message: "Invalid enum value. Expected 'Autumn' | 'Summer' | 'Fall', received 'Autm'"
    }
  ],
  addIssue: [Function (anonymous)],
  addIssues: [Function (anonymous)],
  name: 'ZodError',
  level: 'error',
  message: '🔥 globalErrorHandler [\n' +
    '  {\n' +
    '    "received": "Autm",\n' +
    '    "code": "invalid_enum_value",\n' +
    '    "options": [\n' +
    '      "Autumn",\n' +
    '      "Summer",\n' +
    '      "Fall"\n' +
    '    ],\n' +
    '    "path": [\n' +
    '      "body",\n' +
    '      "title"\n' +
    '    ],\n' +
    `    "message": "Invalid enum value. Expected 'Autumn' | 'Summer' | 'Fall', received 'Autm'"\n` +
    '  }\n' +
    ']',
  stack: 'ZodError: [\n' +
    '  {\n' +
    '    "received": "Autm",\n' +
    '    "code": "invalid_enum_value",\n' +
    '    "options": [\n' +
    '      "Autumn",\n' +
    '      "Summer",\n' +
    '      "Fall"\n' +
    '    ],\n' +
    '    "path": [\n' +
    '      "body",\n' +
    '      "title"\n' +
    '    ],\n' +
    `    "message": "Invalid enum value. Expected 'Autumn' | 'Summer' | 'Fall', received 'Autm'"\n` +
    '  }\n' +
    ']\n' +
    '    at Object.get error [as error] (/home/nayeem/Desktop/code/university-management-syestem/node_modules/zod/lib/types.js:43:31)\n' +
    '    at ZodObject.parseAsync (/home/nayeem/Desktop/code/university-management-syestem/node_modules/zod/lib/types.js:166:22)\n' +
    '    at processTicksAndRejections (node:internal/process/task_queues:95:5)',
  label: 'UM',
  timestamp: '2024-03-07T06:39:26.284Z'
}
{
  service: 'user-service',
  statusCode: 400,
  level: 'error',
  message: '🔥 globalErrorHandler Invalid semester code',
  stack: 'Error: Invalid semester code\n' +
    '    at /home/nayeem/Desktop/code/university-management-syestem/src/app/modules/academicSemester/academicSemester.service.ts:11:11\n' +
    '    at Generator.next (<anonymous>)\n' +
    '    at /home/nayeem/Desktop/code/university-management-syestem/src/app/modules/academicSemester/academicSemester.service.ts:8:71\n' +
    '    at new Promise (<anonymous>)\n' +
    '    at __awaiter (/home/nayeem/Desktop/code/university-management-syestem/src/app/modules/academicSemester/academicSemester.service.ts:4:12)\n' +
    '    at Object.createSemester (/home/nayeem/Desktop/code/university-management-syestem/src/app/modules/academicSemester/academicSemester.service.ts:9:33)\n' +
    '    at /home/nayeem/Desktop/code/university-management-syestem/src/app/modules/academicSemester/academicSemester.controller.ts:13:37\n' +
    '    at Generator.next (<anonymous>)\n' +
    '    at /home/nayeem/Desktop/code/university-management-syestem/src/app/modules/academicSemester/academicSemester.controller.ts:8:71\n' +
    '    at new Promise (<anonymous>)',
  label: 'UM',
  timestamp: '2024-03-07T06:39:34.888Z'
}
