{
  service: 'user-service',
  level: 'error',
  message: "🔥 globalErrorHandler Cannot read properties of undefined (reading 'page')",
  stack: "TypeError: Cannot read properties of undefined (reading 'page')\n" +
    '    at Object.calculatePagination (/home/nayeem/Desktop/code/university-management-syestem/src/helpers/paginationHelper.ts:19:31)\n' +
    '    at /home/nayeem/Desktop/code/university-management-syestem/src/app/modules/academicSemester/academicSemester.service.ts:30:23\n' +
    '    at Generator.next (<anonymous>)\n' +
    '    at /home/nayeem/Desktop/code/university-management-syestem/src/app/modules/academicSemester/academicSemester.service.ts:8:71\n' +
    '    at new Promise (<anonymous>)\n' +
    '    at __awaiter (/home/nayeem/Desktop/code/university-management-syestem/src/app/modules/academicSemester/academicSemester.service.ts:4:12)\n' +
    '    at Object.getAllSemesters (/home/nayeem/Desktop/code/university-management-syestem/src/app/modules/academicSemester/academicSemester.service.ts:28:53)\n' +
    '    at /home/nayeem/Desktop/code/university-management-syestem/src/app/modules/academicSemester/academicSemester.controller.ts:33:37\n' +
    '    at Generator.next (<anonymous>)\n' +
    '    at /home/nayeem/Desktop/code/university-management-syestem/src/app/modules/academicSemester/academicSemester.controller.ts:8:71',
  label: 'UM',
  timestamp: '2024-03-14T04:29:24.863Z'
}
{
  service: 'user-service',
  level: 'error',
  message: "🔥 globalErrorHandler Cannot read properties of undefined (reading 'page')",
  stack: "TypeError: Cannot read properties of undefined (reading 'page')\n" +
    '    at Object.calculatePagination (/home/nayeem/Desktop/code/university-management-syestem/src/helpers/paginationHelper.ts:19:31)\n' +
    '    at /home/nayeem/Desktop/code/university-management-syestem/src/app/modules/academicSemester/academicSemester.service.ts:30:23\n' +
    '    at Generator.next (<anonymous>)\n' +
    '    at /home/nayeem/Desktop/code/university-management-syestem/src/app/modules/academicSemester/academicSemester.service.ts:8:71\n' +
    '    at new Promise (<anonymous>)\n' +
    '    at __awaiter (/home/nayeem/Desktop/code/university-management-syestem/src/app/modules/academicSemester/academicSemester.service.ts:4:12)\n' +
    '    at Object.getAllSemesters (/home/nayeem/Desktop/code/university-management-syestem/src/app/modules/academicSemester/academicSemester.service.ts:28:53)\n' +
    '    at /home/nayeem/Desktop/code/university-management-syestem/src/app/modules/academicSemester/academicSemester.controller.ts:33:37\n' +
    '    at Generator.next (<anonymous>)\n' +
    '    at /home/nayeem/Desktop/code/university-management-syestem/src/app/modules/academicSemester/academicSemester.controller.ts:8:71',
  label: 'UM',
  timestamp: '2024-03-14T04:29:59.332Z'
}
{
  service: 'user-service',
  level: 'error',
  message: "🔥 globalErrorHandler Cannot read properties of undefined (reading 'page')",
  stack: "TypeError: Cannot read properties of undefined (reading 'page')\n" +
    '    at Object.calculatePagination (/home/nayeem/Desktop/code/university-management-syestem/src/helpers/paginationHelper.ts:19:31)\n' +
    '    at /home/nayeem/Desktop/code/university-management-syestem/src/app/modules/academicSemester/academicSemester.service.ts:30:23\n' +
    '    at Generator.next (<anonymous>)\n' +
    '    at /home/nayeem/Desktop/code/university-management-syestem/src/app/modules/academicSemester/academicSemester.service.ts:8:71\n' +
    '    at new Promise (<anonymous>)\n' +
    '    at __awaiter (/home/nayeem/Desktop/code/university-management-syestem/src/app/modules/academicSemester/academicSemester.service.ts:4:12)\n' +
    '    at Object.getAllSemesters (/home/nayeem/Desktop/code/university-management-syestem/src/app/modules/academicSemester/academicSemester.service.ts:28:53)\n' +
    '    at /home/nayeem/Desktop/code/university-management-syestem/src/app/modules/academicSemester/academicSemester.controller.ts:33:37\n' +
    '    at Generator.next (<anonymous>)\n' +
    '    at /home/nayeem/Desktop/code/university-management-syestem/src/app/modules/academicSemester/academicSemester.controller.ts:8:71',
  label: 'UM',
  timestamp: '2024-03-14T04:31:22.600Z'
}
{
  service: 'user-service',
  stringValue: '"i"',
  messageFormat: undefined,
  kind: 'number',
  value: 'i',
  path: 'year',
  reason: null,
  valueType: 'string',
  model: Model { AcademicSemester },
  level: 'error',
  message: '🔥 globalErrorHandler Cast to number failed for value "i" (type string) at path "year" for model "AcademicSemester"',
  stack: 'CastError: Cast to number failed for value "i" (type string) at path "year" for model "AcademicSemester"\n' +
    '    at SchemaNumber.castForQuery (/home/nayeem/Desktop/code/university-management-syestem/node_modules/mongoose/lib/schema/number.js:428:13)\n' +
    '    at cast (/home/nayeem/Desktop/code/university-management-syestem/node_modules/mongoose/lib/cast.js:352:39)\n' +
    '    at cast (/home/nayeem/Desktop/code/university-management-syestem/node_modules/mongoose/lib/cast.js:73:20)\n' +
    '    at cast (/home/nayeem/Desktop/code/university-management-syestem/node_modules/mongoose/lib/cast.js:73:20)\n' +
    '    at model.Query.Query.cast (/home/nayeem/Desktop/code/university-management-syestem/node_modules/mongoose/lib/query.js:4746:12)\n' +
    '    at model.Query.Query._castConditions (/home/nayeem/Desktop/code/university-management-syestem/node_modules/mongoose/lib/query.js:2200:10)\n' +
    '    at model.Query._find (/home/nayeem/Desktop/code/university-management-syestem/node_modules/mongoose/lib/query.js:2226:8)\n' +
    '    at model.Query.exec (/home/nayeem/Desktop/code/university-management-syestem/node_modules/mongoose/lib/query.js:4290:80)\n' +
    '    at processTicksAndRejections (node:internal/process/task_queues:95:5)',
  label: 'UM',
  timestamp: '2024-03-14T04:33:19.835Z'
}
{
  service: 'user-service',
  stringValue: '"i"',
  messageFormat: undefined,
  kind: 'number',
  value: 'i',
  path: 'year',
  reason: null,
  valueType: 'string',
  model: Model { AcademicSemester },
  level: 'error',
  message: '🔥 globalErrorHandler Cast to number failed for value "i" (type string) at path "year" for model "AcademicSemester"',
  stack: 'CastError: Cast to number failed for value "i" (type string) at path "year" for model "AcademicSemester"\n' +
    '    at SchemaNumber.castForQuery (/home/nayeem/Desktop/code/university-management-syestem/node_modules/mongoose/lib/schema/number.js:428:13)\n' +
    '    at cast (/home/nayeem/Desktop/code/university-management-syestem/node_modules/mongoose/lib/cast.js:352:39)\n' +
    '    at cast (/home/nayeem/Desktop/code/university-management-syestem/node_modules/mongoose/lib/cast.js:73:20)\n' +
    '    at cast (/home/nayeem/Desktop/code/university-management-syestem/node_modules/mongoose/lib/cast.js:73:20)\n' +
    '    at model.Query.Query.cast (/home/nayeem/Desktop/code/university-management-syestem/node_modules/mongoose/lib/query.js:4746:12)\n' +
    '    at model.Query.Query._castConditions (/home/nayeem/Desktop/code/university-management-syestem/node_modules/mongoose/lib/query.js:2200:10)\n' +
    '    at model.Query._find (/home/nayeem/Desktop/code/university-management-syestem/node_modules/mongoose/lib/query.js:2226:8)\n' +
    '    at model.Query.exec (/home/nayeem/Desktop/code/university-management-syestem/node_modules/mongoose/lib/query.js:4290:80)\n' +
    '    at processTicksAndRejections (node:internal/process/task_queues:95:5)',
  label: 'UM',
  timestamp: '2024-03-14T04:33:30.880Z'
}
{
  service: 'user-service',
  issues: [
    {
      code: 'invalid_type',
      expected: 'number',
      received: 'string',
      path: [ 'body', 'year' ],
      message: 'Expected number, received string'
    }
  ],
  addIssue: [Function (anonymous)],
  addIssues: [Function (anonymous)],
  name: 'ZodError',
  level: 'error',
  message: '🔥 globalErrorHandler [\n' +
    '  {\n' +
    '    "code": "invalid_type",\n' +
    '    "expected": "number",\n' +
    '    "received": "string",\n' +
    '    "path": [\n' +
    '      "body",\n' +
    '      "year"\n' +
    '    ],\n' +
    '    "message": "Expected number, received string"\n' +
    '  }\n' +
    ']',
  stack: 'ZodError: [\n' +
    '  {\n' +
    '    "code": "invalid_type",\n' +
    '    "expected": "number",\n' +
    '    "received": "string",\n' +
    '    "path": [\n' +
    '      "body",\n' +
    '      "year"\n' +
    '    ],\n' +
    '    "message": "Expected number, received string"\n' +
    '  }\n' +
    ']\n' +
    '    at Object.get error [as error] (/home/nayeem/Desktop/code/university-management-syestem/node_modules/zod/lib/types.js:43:31)\n' +
    '    at ZodObject.parseAsync (/home/nayeem/Desktop/code/university-management-syestem/node_modules/zod/lib/types.js:166:22)\n' +
    '    at processTicksAndRejections (node:internal/process/task_queues:95:5)',
  label: 'UM',
  timestamp: '2024-03-14T04:40:16.233Z'
}
{
  service: 'user-service',
  statusCode: 409,
  level: 'error',
  message: '🔥 globalErrorHandler Academic semester already exist',
  stack: 'Error: Academic semester already exist\n' +
    '    at model.<anonymous> (/home/nayeem/Desktop/code/university-management-syestem/src/app/modules/academicSemester/academicSemester.model.ts:51:11)\n' +
    '    at Generator.next (<anonymous>)\n' +
    '    at fulfilled (/home/nayeem/Desktop/code/university-management-syestem/src/app/modules/academicSemester/academicSemester.model.ts:5:58)\n' +
    '    at processTicksAndRejections (node:internal/process/task_queues:95:5)',
  label: 'UM',
  timestamp: '2024-03-14T04:42:02.389Z'
}
{
  service: 'user-service',
  issues: [
    {
      received: 'fall',
      code: 'invalid_enum_value',
      options: [ 'Autumn', 'Summer', 'Fall' ],
      path: [ 'body', 'title' ],
      message: "Invalid enum value. Expected 'Autumn' | 'Summer' | 'Fall', received 'fall'"
    }
  ],
  addIssue: [Function (anonymous)],
  addIssues: [Function (anonymous)],
  name: 'ZodError',
  level: 'error',
  message: '🔥 globalErrorHandler [\n' +
    '  {\n' +
    '    "received": "fall",\n' +
    '    "code": "invalid_enum_value",\n' +
    '    "options": [\n' +
    '      "Autumn",\n' +
    '      "Summer",\n' +
    '      "Fall"\n' +
    '    ],\n' +
    '    "path": [\n' +
    '      "body",\n' +
    '      "title"\n' +
    '    ],\n' +
    `    "message": "Invalid enum value. Expected 'Autumn' | 'Summer' | 'Fall', received 'fall'"\n` +
    '  }\n' +
    ']',
  stack: 'ZodError: [\n' +
    '  {\n' +
    '    "received": "fall",\n' +
    '    "code": "invalid_enum_value",\n' +
    '    "options": [\n' +
    '      "Autumn",\n' +
    '      "Summer",\n' +
    '      "Fall"\n' +
    '    ],\n' +
    '    "path": [\n' +
    '      "body",\n' +
    '      "title"\n' +
    '    ],\n' +
    `    "message": "Invalid enum value. Expected 'Autumn' | 'Summer' | 'Fall', received 'fall'"\n` +
    '  }\n' +
    ']\n' +
    '    at Object.get error [as error] (/home/nayeem/Desktop/code/university-management-syestem/node_modules/zod/lib/types.js:43:31)\n' +
    '    at ZodObject.parseAsync (/home/nayeem/Desktop/code/university-management-syestem/node_modules/zod/lib/types.js:166:22)\n' +
    '    at processTicksAndRejections (node:internal/process/task_queues:95:5)',
  label: 'UM',
  timestamp: '2024-03-14T04:42:22.816Z'
}
{
  service: 'user-service',
  statusCode: 400,
  level: 'error',
  message: '🔥 globalErrorHandler Invalid semester code',
  stack: 'Error: Invalid semester code\n' +
    '    at /home/nayeem/Desktop/code/university-management-syestem/src/app/modules/academicSemester/academicSemester.service.ts:18:11\n' +
    '    at Generator.next (<anonymous>)\n' +
    '    at /home/nayeem/Desktop/code/university-management-syestem/src/app/modules/academicSemester/academicSemester.service.ts:8:71\n' +
    '    at new Promise (<anonymous>)\n' +
    '    at __awaiter (/home/nayeem/Desktop/code/university-management-syestem/src/app/modules/academicSemester/academicSemester.service.ts:4:12)\n' +
    '    at Object.createSemester (/home/nayeem/Desktop/code/university-management-syestem/src/app/modules/academicSemester/academicSemester.service.ts:16:33)\n' +
    '    at /home/nayeem/Desktop/code/university-management-syestem/src/app/modules/academicSemester/academicSemester.controller.ts:15:37\n' +
    '    at Generator.next (<anonymous>)\n' +
    '    at /home/nayeem/Desktop/code/university-management-syestem/src/app/modules/academicSemester/academicSemester.controller.ts:8:71\n' +
    '    at new Promise (<anonymous>)',
  label: 'UM',
  timestamp: '2024-03-14T04:42:29.292Z'
}
{
  service: 'user-service',
  statusCode: 400,
  level: 'error',
  message: '🔥 globalErrorHandler Invalid semester code',
  stack: 'Error: Invalid semester code\n' +
    '    at /home/nayeem/Desktop/code/university-management-syestem/src/app/modules/academicSemester/academicSemester.service.ts:18:11\n' +
    '    at Generator.next (<anonymous>)\n' +
    '    at /home/nayeem/Desktop/code/university-management-syestem/src/app/modules/academicSemester/academicSemester.service.ts:8:71\n' +
    '    at new Promise (<anonymous>)\n' +
    '    at __awaiter (/home/nayeem/Desktop/code/university-management-syestem/src/app/modules/academicSemester/academicSemester.service.ts:4:12)\n' +
    '    at Object.createSemester (/home/nayeem/Desktop/code/university-management-syestem/src/app/modules/academicSemester/academicSemester.service.ts:16:33)\n' +
    '    at /home/nayeem/Desktop/code/university-management-syestem/src/app/modules/academicSemester/academicSemester.controller.ts:15:37\n' +
    '    at Generator.next (<anonymous>)\n' +
    '    at /home/nayeem/Desktop/code/university-management-syestem/src/app/modules/academicSemester/academicSemester.controller.ts:8:71\n' +
    '    at new Promise (<anonymous>)',
  label: 'UM',
  timestamp: '2024-03-14T04:42:35.584Z'
}
