{
  service: 'user-service',
  ok: 0,
  code: 2,
  codeName: 'BadValue',
  '$clusterTime': {
    clusterTime: new Timestamp({ t: 1710395007, i: 12 }),
    signature: {
      hash: Binary.createFromBase64('ZqvT6kEf6wTksEUX++EeoVy+k3Y=', 0),
      keyId: new Long('7286882368122519554')
    }
  },
  operationTime: new Timestamp({ t: 1710395007, i: 12 }),
  level: 'error',
  message: '🔥 globalErrorHandler $and/$or/$nor must be a nonempty array',
  stack: 'MongoServerError: $and/$or/$nor must be a nonempty array\n' +
    '    at Connection.onMessage (/home/nayeem/Desktop/code/university-management-syestem/node_modules/mongodb/src/cmap/connection.ts:421:18)\n' +
    '    at MessageStream.<anonymous> (/home/nayeem/Desktop/code/university-management-syestem/node_modules/mongodb/src/cmap/connection.ts:251:56)\n' +
    '    at MessageStream.emit (node:events:519:28)\n' +
    '    at processIncomingData (/home/nayeem/Desktop/code/university-management-syestem/node_modules/mongodb/src/cmap/message_stream.ts:179:12)\n' +
    '    at MessageStream._write (/home/nayeem/Desktop/code/university-management-syestem/node_modules/mongodb/src/cmap/message_stream.ts:68:5)\n' +
    '    at writeOrBuffer (node:internal/streams/writable:564:12)\n' +
    '    at _write (node:internal/streams/writable:493:10)\n' +
    '    at MessageStream.Writable.write (node:internal/streams/writable:502:10)\n' +
    '    at TLSSocket.ondata (node:internal/streams/readable:1007:22)\n' +
    '    at TLSSocket.emit (node:events:519:28)',
  label: 'UM',
  timestamp: '2024-03-14T05:43:27.558Z',
  [Symbol(errorLabels)]: Set(0) {}
}
{
  service: 'user-service',
  ok: 0,
  code: 2,
  codeName: 'BadValue',
  '$clusterTime': {
    clusterTime: new Timestamp({ t: 1710395651, i: 14 }),
    signature: {
      hash: Binary.createFromBase64('CAdKfFLMbTtHaBuBhyE6exWo71o=', 0),
      keyId: new Long('7286882368122519554')
    }
  },
  operationTime: new Timestamp({ t: 1710395651, i: 14 }),
  level: 'error',
  message: '🔥 globalErrorHandler $and/$or/$nor must be a nonempty array',
  stack: 'MongoServerError: $and/$or/$nor must be a nonempty array\n' +
    '    at Connection.onMessage (/home/nayeem/Desktop/code/university-management-syestem/node_modules/mongodb/src/cmap/connection.ts:421:18)\n' +
    '    at MessageStream.<anonymous> (/home/nayeem/Desktop/code/university-management-syestem/node_modules/mongodb/src/cmap/connection.ts:251:56)\n' +
    '    at MessageStream.emit (node:events:519:28)\n' +
    '    at processIncomingData (/home/nayeem/Desktop/code/university-management-syestem/node_modules/mongodb/src/cmap/message_stream.ts:179:12)\n' +
    '    at MessageStream._write (/home/nayeem/Desktop/code/university-management-syestem/node_modules/mongodb/src/cmap/message_stream.ts:68:5)\n' +
    '    at writeOrBuffer (node:internal/streams/writable:564:12)\n' +
    '    at _write (node:internal/streams/writable:493:10)\n' +
    '    at MessageStream.Writable.write (node:internal/streams/writable:502:10)\n' +
    '    at TLSSocket.ondata (node:internal/streams/readable:1007:22)\n' +
    '    at TLSSocket.emit (node:events:519:28)',
  label: 'UM',
  timestamp: '2024-03-14T05:54:11.540Z',
  [Symbol(errorLabels)]: Set(0) {}
}
