{
  service: 'user-service',
  level: 'error',
  message: '🔥 globalErrorHandler This is an error',
  stack: 'Error: This is an error\n' +
    '    at /home/nayeem/Desktop/code/university-management-syestem/src/app.ts:19:9\n' +
    '    at Layer.handle [as handle_request] (/home/nayeem/Desktop/code/university-management-syestem/node_modules/express/lib/router/layer.js:95:5)\n' +
    '    at next (/home/nayeem/Desktop/code/university-management-syestem/node_modules/express/lib/router/route.js:144:13)\n' +
    '    at Route.dispatch (/home/nayeem/Desktop/code/university-management-syestem/node_modules/express/lib/router/route.js:114:3)\n' +
    '    at Layer.handle [as handle_request] (/home/nayeem/Desktop/code/university-management-syestem/node_modules/express/lib/router/layer.js:95:5)\n' +
    '    at /home/nayeem/Desktop/code/university-management-syestem/node_modules/express/lib/router/index.js:284:15\n' +
    '    at Function.process_params (/home/nayeem/Desktop/code/university-management-syestem/node_modules/express/lib/router/index.js:346:12)\n' +
    '    at next (/home/nayeem/Desktop/code/university-management-syestem/node_modules/express/lib/router/index.js:280:10)\n' +
    '    at urlencodedParser (/home/nayeem/Desktop/code/university-management-syestem/node_modules/body-parser/lib/types/urlencoded.js:82:7)\n' +
    '    at Layer.handle [as handle_request] (/home/nayeem/Desktop/code/university-management-syestem/node_modules/express/lib/router/layer.js:95:5)',
  label: 'UM',
  timestamp: '2024-03-01T04:44:16.897Z'
}
{
  service: 'user-service',
  statusCode: 400,
  level: 'error',
  message: '🔥 globalErrorHandler Custom Error',
  stack: 'Error: Custom Error\n' +
    '    at /home/nayeem/Desktop/code/university-management-syestem/src/app.ts:21:9\n' +
    '    at Layer.handle [as handle_request] (/home/nayeem/Desktop/code/university-management-syestem/node_modules/express/lib/router/layer.js:95:5)\n' +
    '    at next (/home/nayeem/Desktop/code/university-management-syestem/node_modules/express/lib/router/route.js:144:13)\n' +
    '    at Route.dispatch (/home/nayeem/Desktop/code/university-management-syestem/node_modules/express/lib/router/route.js:114:3)\n' +
    '    at Layer.handle [as handle_request] (/home/nayeem/Desktop/code/university-management-syestem/node_modules/express/lib/router/layer.js:95:5)\n' +
    '    at /home/nayeem/Desktop/code/university-management-syestem/node_modules/express/lib/router/index.js:284:15\n' +
    '    at Function.process_params (/home/nayeem/Desktop/code/university-management-syestem/node_modules/express/lib/router/index.js:346:12)\n' +
    '    at next (/home/nayeem/Desktop/code/university-management-syestem/node_modules/express/lib/router/index.js:280:10)\n' +
    '    at urlencodedParser (/home/nayeem/Desktop/code/university-management-syestem/node_modules/body-parser/lib/types/urlencoded.js:82:7)\n' +
    '    at Layer.handle [as handle_request] (/home/nayeem/Desktop/code/university-management-syestem/node_modules/express/lib/router/layer.js:95:5)',
  label: 'UM',
  timestamp: '2024-03-01T04:44:44.968Z'
}
{
  message: 'Unhandled promise rejection',
  level: 'error',
  service: 'user-service',
  label: 'UM',
  timestamp: '2024-03-01T04:57:42.716Z'
}
