{
  service: 'user-service',
  statusCode: 409,
  level: 'error',
  message: '🔥 globalErrorHandler Academic semester already exist',
  stack: 'Error: Academic semester already exist\n' +
    '    at model.<anonymous> (/home/nayeem/Desktop/code/university-management-syestem/src/app/modules/academicSemester/academicSemester.model.ts:51:11)\n' +
    '    at Generator.next (<anonymous>)\n' +
    '    at fulfilled (/home/nayeem/Desktop/code/university-management-syestem/src/app/modules/academicSemester/academicSemester.model.ts:5:58)\n' +
    '    at processTicksAndRejections (node:internal/process/task_queues:95:5)',
  label: 'UM',
  timestamp: '2024-03-07T05:02:00.166Z'
}
{
  service: 'user-service',
  statusCode: 400,
  level: 'error',
  message: '🔥 globalErrorHandler Invalid semester code',
  stack: 'Error: Invalid semester code\n' +
    '    at /home/nayeem/Desktop/code/university-management-syestem/src/app/modules/academicSemester/academicSemester.service.ts:11:11\n' +
    '    at Generator.next (<anonymous>)\n' +
    '    at /home/nayeem/Desktop/code/university-management-syestem/src/app/modules/academicSemester/academicSemester.service.ts:8:71\n' +
    '    at new Promise (<anonymous>)\n' +
    '    at __awaiter (/home/nayeem/Desktop/code/university-management-syestem/src/app/modules/academicSemester/academicSemester.service.ts:4:12)\n' +
    '    at Object.createSemester (/home/nayeem/Desktop/code/university-management-syestem/src/app/modules/academicSemester/academicSemester.service.ts:9:33)\n' +
    '    at /home/nayeem/Desktop/code/university-management-syestem/src/app/modules/academicSemester/academicSemester.controller.ts:8:37\n' +
    '    at Generator.next (<anonymous>)\n' +
    '    at /home/nayeem/Desktop/code/university-management-syestem/src/app/modules/academicSemester/academicSemester.controller.ts:8:71\n' +
    '    at new Promise (<anonymous>)',
  label: 'UM',
  timestamp: '2024-03-07T05:02:10.006Z'
}
{
  service: 'user-service',
  statusCode: 400,
  level: 'error',
  message: '🔥 globalErrorHandler Invalid semester code',
  stack: 'Error: Invalid semester code\n' +
    '    at /home/nayeem/Desktop/code/university-management-syestem/src/app/modules/academicSemester/academicSemester.service.ts:11:11\n' +
    '    at Generator.next (<anonymous>)\n' +
    '    at /home/nayeem/Desktop/code/university-management-syestem/src/app/modules/academicSemester/academicSemester.service.ts:8:71\n' +
    '    at new Promise (<anonymous>)\n' +
    '    at __awaiter (/home/nayeem/Desktop/code/university-management-syestem/src/app/modules/academicSemester/academicSemester.service.ts:4:12)\n' +
    '    at Object.createSemester (/home/nayeem/Desktop/code/university-management-syestem/src/app/modules/academicSemester/academicSemester.service.ts:9:33)\n' +
    '    at /home/nayeem/Desktop/code/university-management-syestem/src/app/modules/academicSemester/academicSemester.controller.ts:8:37\n' +
    '    at Generator.next (<anonymous>)\n' +
    '    at /home/nayeem/Desktop/code/university-management-syestem/src/app/modules/academicSemester/academicSemester.controller.ts:8:71\n' +
    '    at new Promise (<anonymous>)',
  label: 'UM',
  timestamp: '2024-03-07T05:02:19.792Z'
}
