{
  service: 'user-service',
  statusCode: 409,
  level: 'error',
  message: '🔥 globalErrorHandler Academic semester already exist',
  stack: 'Error: Academic semester already exist\n' +
    '    at model.<anonymous> (/home/nayeem/Desktop/code/university-management-syestem/src/app/modules/academicSemester/academicSemester.model.ts:53:11)\n' +
    '    at Generator.next (<anonymous>)\n' +
    '    at fulfilled (/home/nayeem/Desktop/code/university-management-syestem/src/app/modules/academicSemester/academicSemester.model.ts:5:58)\n' +
    '    at processTicksAndRejections (node:internal/process/task_queues:95:5)',
  label: 'UM',
  timestamp: '2024-03-01T19:01:52.591Z'
}
{
  service: 'user-service',
  issues: [
    {
      received: 'asdf',
      code: 'invalid_enum_value',
      options: [ 'Autumn', 'Summer', 'Fall' ],
      path: [ 'body', 'title' ],
      message: "Invalid enum value. Expected 'Autumn' | 'Summer' | 'Fall', received 'asdf'"
    }
  ],
  addIssue: [Function (anonymous)],
  addIssues: [Function (anonymous)],
  name: 'ZodError',
  level: 'error',
  message: '🔥 globalErrorHandler [\n' +
    '  {\n' +
    '    "received": "asdf",\n' +
    '    "code": "invalid_enum_value",\n' +
    '    "options": [\n' +
    '      "Autumn",\n' +
    '      "Summer",\n' +
    '      "Fall"\n' +
    '    ],\n' +
    '    "path": [\n' +
    '      "body",\n' +
    '      "title"\n' +
    '    ],\n' +
    `    "message": "Invalid enum value. Expected 'Autumn' | 'Summer' | 'Fall', received 'asdf'"\n` +
    '  }\n' +
    ']',
  stack: 'ZodError: [\n' +
    '  {\n' +
    '    "received": "asdf",\n' +
    '    "code": "invalid_enum_value",\n' +
    '    "options": [\n' +
    '      "Autumn",\n' +
    '      "Summer",\n' +
    '      "Fall"\n' +
    '    ],\n' +
    '    "path": [\n' +
    '      "body",\n' +
    '      "title"\n' +
    '    ],\n' +
    `    "message": "Invalid enum value. Expected 'Autumn' | 'Summer' | 'Fall', received 'asdf'"\n` +
    '  }\n' +
    ']\n' +
    '    at Object.get error [as error] (/home/nayeem/Desktop/code/university-management-syestem/node_modules/zod/lib/types.js:43:31)\n' +
    '    at ZodObject.parseAsync (/home/nayeem/Desktop/code/university-management-syestem/node_modules/zod/lib/types.js:166:22)\n' +
    '    at processTicksAndRejections (node:internal/process/task_queues:95:5)',
  label: 'UM',
  timestamp: '2024-03-01T19:02:59.753Z'
}
{
  service: 'user-service',
  reason: TopologyDescription {
    type: 'ReplicaSetNoPrimary',
    servers: Map(3) {
      'ac-zpdfexu-shard-00-00.yqmy6du.mongodb.net:27017' => ServerDescription {
        address: 'ac-zpdfexu-shard-00-00.yqmy6du.mongodb.net:27017',
        type: 'Unknown',
        hosts: [],
        passives: [],
        arbiters: [],
        tags: {},
        minWireVersion: 0,
        maxWireVersion: 0,
        roundTripTime: -1,
        lastUpdateTime: 25330872,
        lastWriteDate: 0,
        error: MongoNetworkError: getaddrinfo EAI_AGAIN ac-zpdfexu-shard-00-00.yqmy6du.mongodb.net
            at connectionFailureError (/home/nayeem/Desktop/code/university-management-syestem/node_modules/mongodb/src/cmap/connect.ts:505:14)
            at TLSSocket.<anonymous> (/home/nayeem/Desktop/code/university-management-syestem/node_modules/mongodb/src/cmap/connect.ts:388:16)
            at Object.onceWrapper (node:events:634:26)
            at TLSSocket.emit (node:events:519:28)
            at emitErrorNT (node:internal/streams/destroy:169:8)
            at emitErrorCloseNT (node:internal/streams/destroy:128:3)
            at processTicksAndRejections (node:internal/process/task_queues:82:21) {
          [Symbol(errorLabels)]: Set(1) { 'ResetPool' },
          [cause]: Error: getaddrinfo EAI_AGAIN ac-zpdfexu-shard-00-00.yqmy6du.mongodb.net
              at GetAddrInfoReqWrap.onlookupall [as oncomplete] (node:dns:118:26) {
            errno: -3001,
            code: 'EAI_AGAIN',
            syscall: 'getaddrinfo',
            hostname: 'ac-zpdfexu-shard-00-00.yqmy6du.mongodb.net'
          }
        },
        topologyVersion: null,
        setName: null,
        setVersion: null,
        electionId: null,
        logicalSessionTimeoutMinutes: null,
        primary: null,
        me: null,
        '$clusterTime': null
      },
      'ac-zpdfexu-shard-00-01.yqmy6du.mongodb.net:27017' => ServerDescription {
        address: 'ac-zpdfexu-shard-00-01.yqmy6du.mongodb.net:27017',
        type: 'Unknown',
        hosts: [],
        passives: [],
        arbiters: [],
        tags: {},
        minWireVersion: 0,
        maxWireVersion: 0,
        roundTripTime: -1,
        lastUpdateTime: 25340876,
        lastWriteDate: 0,
        error: MongoNetworkError: getaddrinfo EAI_AGAIN ac-zpdfexu-shard-00-01.yqmy6du.mongodb.net
            at connectionFailureError (/home/nayeem/Desktop/code/university-management-syestem/node_modules/mongodb/src/cmap/connect.ts:505:14)
            at TLSSocket.<anonymous> (/home/nayeem/Desktop/code/university-management-syestem/node_modules/mongodb/src/cmap/connect.ts:388:16)
            at Object.onceWrapper (node:events:634:26)
            at TLSSocket.emit (node:events:519:28)
            at emitErrorNT (node:internal/streams/destroy:169:8)
            at emitErrorCloseNT (node:internal/streams/destroy:128:3)
            at processTicksAndRejections (node:internal/process/task_queues:82:21) {
          [Symbol(errorLabels)]: Set(1) { 'ResetPool' },
          [cause]: Error: getaddrinfo EAI_AGAIN ac-zpdfexu-shard-00-01.yqmy6du.mongodb.net
              at GetAddrInfoReqWrap.onlookupall [as oncomplete] (node:dns:118:26) {
            errno: -3001,
            code: 'EAI_AGAIN',
            syscall: 'getaddrinfo',
            hostname: 'ac-zpdfexu-shard-00-01.yqmy6du.mongodb.net'
          }
        },
        topologyVersion: null,
        setName: null,
        setVersion: null,
        electionId: null,
        logicalSessionTimeoutMinutes: null,
        primary: null,
        me: null,
        '$clusterTime': null
      },
      'ac-zpdfexu-shard-00-02.yqmy6du.mongodb.net:27017' => ServerDescription {
        address: 'ac-zpdfexu-shard-00-02.yqmy6du.mongodb.net:27017',
        type: 'Unknown',
        hosts: [],
        passives: [],
        arbiters: [],
        tags: {},
        minWireVersion: 0,
        maxWireVersion: 0,
        roundTripTime: -1,
        lastUpdateTime: 25330871,
        lastWriteDate: 0,
        error: MongoNetworkError: getaddrinfo EAI_AGAIN ac-zpdfexu-shard-00-02.yqmy6du.mongodb.net
            at connectionFailureError (/home/nayeem/Desktop/code/university-management-syestem/node_modules/mongodb/src/cmap/connect.ts:505:14)
            at TLSSocket.<anonymous> (/home/nayeem/Desktop/code/university-management-syestem/node_modules/mongodb/src/cmap/connect.ts:388:16)
            at Object.onceWrapper (node:events:634:26)
            at TLSSocket.emit (node:events:519:28)
            at emitErrorNT (node:internal/streams/destroy:169:8)
            at emitErrorCloseNT (node:internal/streams/destroy:128:3)
            at processTicksAndRejections (node:internal/process/task_queues:82:21) {
          [Symbol(errorLabels)]: Set(1) { 'ResetPool' },
          [cause]: Error: getaddrinfo EAI_AGAIN ac-zpdfexu-shard-00-02.yqmy6du.mongodb.net
              at GetAddrInfoReqWrap.onlookupall [as oncomplete] (node:dns:118:26) {
            errno: -3001,
            code: 'EAI_AGAIN',
            syscall: 'getaddrinfo',
            hostname: 'ac-zpdfexu-shard-00-02.yqmy6du.mongodb.net'
          }
        },
        topologyVersion: null,
        setName: null,
        setVersion: null,
        electionId: null,
        logicalSessionTimeoutMinutes: null,
        primary: null,
        me: null,
        '$clusterTime': null
      }
    },
    stale: false,
    compatible: true,
    heartbeatFrequencyMS: 10000,
    localThresholdMS: 15,
    setName: 'atlas-qesowi-shard-0',
    maxElectionId: new ObjectId('7fffffff0000000000000197'),
    maxSetVersion: 27,
    commonWireVersion: 0,
    logicalSessionTimeoutMinutes: null
  },
  code: undefined,
  level: 'error',
  message: '🔥 globalErrorHandler getaddrinfo EAI_AGAIN ac-zpdfexu-shard-00-00.yqmy6du.mongodb.net',
  stack: 'MongoServerSelectionError: getaddrinfo EAI_AGAIN ac-zpdfexu-shard-00-00.yqmy6du.mongodb.net\n' +
    '    at EventTarget.<anonymous> (/home/nayeem/Desktop/code/university-management-syestem/node_modules/mongodb/src/sdam/topology.ts:568:28)\n' +
    '    at EventTarget.[nodejs.internal.kHybridDispatch] (node:internal/event_target:822:20)\n' +
    '    at EventTarget.dispatchEvent (node:internal/event_target:757:26)\n' +
    '    at abortSignal (node:internal/abort_controller:374:10)\n' +
    '    at TimeoutController.abort (node:internal/abort_controller:396:5)\n' +
    '    at Timeout.<anonymous> (/home/nayeem/Desktop/code/university-management-syestem/node_modules/mongodb/src/utils.ts:1273:61)\n' +
    '    at listOnTimeout (node:internal/timers:573:17)\n' +
    '    at processTimers (node:internal/timers:514:7)',
  label: 'UM',
  timestamp: '2024-03-01T19:03:38.645Z',
  [Symbol(errorLabels)]: Set(0) {}
}
{
  service: 'user-service',
  errno: undefined,
  code: 'ESERVFAIL',
  syscall: 'querySrv',
  hostname: '_mongodb._tcp.cluster0.yqmy6du.mongodb.net',
  level: 'error',
  message: 'Error connecting to database querySrv ESERVFAIL _mongodb._tcp.cluster0.yqmy6du.mongodb.net',
  stack: 'Error: querySrv ESERVFAIL _mongodb._tcp.cluster0.yqmy6du.mongodb.net\n' +
    '    at QueryReqWrap.onresolve [as oncomplete] (node:internal/dns/promises:275:17)',
  label: 'UM',
  timestamp: '2024-03-01T19:03:51.811Z'
}
