{
  service: 'user-service',
  stringValue: '"65f280429700eb585c4eb1"',
  messageFormat: undefined,
  kind: 'ObjectId',
  value: '65f280429700eb585c4eb1',
  path: '_id',
  reason: BSONError: input must be a 24 character hex string, 12 byte Uint8Array, or an integer
      at new ObjectId (/home/nayeem/Desktop/code/university-management-syestem/node_modules/bson/src/objectid.ts:119:15)
      at castObjectId (/home/nayeem/Desktop/code/university-management-syestem/node_modules/mongoose/lib/cast/objectid.js:25:12)
      at SchemaObjectId.cast (/home/nayeem/Desktop/code/university-management-syestem/node_modules/mongoose/lib/schema/objectId.js:248:12)
      at SchemaObjectId.SchemaType.applySetters (/home/nayeem/Desktop/code/university-management-syestem/node_modules/mongoose/lib/schemaType.js:1221:12)
      at SchemaObjectId.SchemaType.castForQuery (/home/nayeem/Desktop/code/university-management-syestem/node_modules/mongoose/lib/schemaType.js:1636:17)
      at cast (/home/nayeem/Desktop/code/university-management-syestem/node_modules/mongoose/lib/cast.js:375:32)
      at model.Query.Query.cast (/home/nayeem/Desktop/code/university-management-syestem/node_modules/mongoose/lib/query.js:4746:12)
      at model.Query.Query._castConditions (/home/nayeem/Desktop/code/university-management-syestem/node_modules/mongoose/lib/query.js:2200:10)
      at model.Query._findOne (/home/nayeem/Desktop/code/university-management-syestem/node_modules/mongoose/lib/query.js:2484:8)
      at model.Query.exec (/home/nayeem/Desktop/code/university-management-syestem/node_modules/mongoose/lib/query.js:4290:80),
  valueType: 'string',
  model: Model { AcademicSemester },
  level: 'error',
  message: '🔥 globalErrorHandler Cast to ObjectId failed for value "65f280429700eb585c4eb1" (type string) at path "_id" for model "AcademicSemester"',
  stack: 'CastError: Cast to ObjectId failed for value "65f280429700eb585c4eb1" (type string) at path "_id" for model "AcademicSemester"\n' +
    '    at SchemaObjectId.cast (/home/nayeem/Desktop/code/university-management-syestem/node_modules/mongoose/lib/schema/objectId.js:250:11)\n' +
    '    at SchemaObjectId.SchemaType.applySetters (/home/nayeem/Desktop/code/university-management-syestem/node_modules/mongoose/lib/schemaType.js:1221:12)\n' +
    '    at SchemaObjectId.SchemaType.castForQuery (/home/nayeem/Desktop/code/university-management-syestem/node_modules/mongoose/lib/schemaType.js:1636:17)\n' +
    '    at cast (/home/nayeem/Desktop/code/university-management-syestem/node_modules/mongoose/lib/cast.js:375:32)\n' +
    '    at model.Query.Query.cast (/home/nayeem/Desktop/code/university-management-syestem/node_modules/mongoose/lib/query.js:4746:12)\n' +
    '    at model.Query.Query._castConditions (/home/nayeem/Desktop/code/university-management-syestem/node_modules/mongoose/lib/query.js:2200:10)\n' +
    '    at model.Query._findOne (/home/nayeem/Desktop/code/university-management-syestem/node_modules/mongoose/lib/query.js:2484:8)\n' +
    '    at model.Query.exec (/home/nayeem/Desktop/code/university-management-syestem/node_modules/mongoose/lib/query.js:4290:80)\n' +
    '    at processTicksAndRejections (node:internal/process/task_queues:95:5)',
  label: 'UM',
  timestamp: '2024-03-14T06:10:22.198Z'
}
{
  service: 'user-service',
  stringValue: '"65f280429700eb585c4eb1"',
  messageFormat: undefined,
  kind: 'ObjectId',
  value: '65f280429700eb585c4eb1',
  path: '_id',
  reason: BSONError: input must be a 24 character hex string, 12 byte Uint8Array, or an integer
      at new ObjectId (/home/nayeem/Desktop/code/university-management-syestem/node_modules/bson/src/objectid.ts:119:15)
      at castObjectId (/home/nayeem/Desktop/code/university-management-syestem/node_modules/mongoose/lib/cast/objectid.js:25:12)
      at SchemaObjectId.cast (/home/nayeem/Desktop/code/university-management-syestem/node_modules/mongoose/lib/schema/objectId.js:248:12)
      at SchemaObjectId.SchemaType.applySetters (/home/nayeem/Desktop/code/university-management-syestem/node_modules/mongoose/lib/schemaType.js:1221:12)
      at SchemaObjectId.SchemaType.castForQuery (/home/nayeem/Desktop/code/university-management-syestem/node_modules/mongoose/lib/schemaType.js:1636:17)
      at cast (/home/nayeem/Desktop/code/university-management-syestem/node_modules/mongoose/lib/cast.js:375:32)
      at model.Query.Query.cast (/home/nayeem/Desktop/code/university-management-syestem/node_modules/mongoose/lib/query.js:4746:12)
      at model.Query.Query._castConditions (/home/nayeem/Desktop/code/university-management-syestem/node_modules/mongoose/lib/query.js:2200:10)
      at model.Query._findOne (/home/nayeem/Desktop/code/university-management-syestem/node_modules/mongoose/lib/query.js:2484:8)
      at model.Query.exec (/home/nayeem/Desktop/code/university-management-syestem/node_modules/mongoose/lib/query.js:4290:80),
  valueType: 'string',
  model: Model { AcademicSemester },
  level: 'error',
  message: '🔥 globalErrorHandler Cast to ObjectId failed for value "65f280429700eb585c4eb1" (type string) at path "_id" for model "AcademicSemester"',
  stack: 'CastError: Cast to ObjectId failed for value "65f280429700eb585c4eb1" (type string) at path "_id" for model "AcademicSemester"\n' +
    '    at SchemaObjectId.cast (/home/nayeem/Desktop/code/university-management-syestem/node_modules/mongoose/lib/schema/objectId.js:250:11)\n' +
    '    at SchemaObjectId.SchemaType.applySetters (/home/nayeem/Desktop/code/university-management-syestem/node_modules/mongoose/lib/schemaType.js:1221:12)\n' +
    '    at SchemaObjectId.SchemaType.castForQuery (/home/nayeem/Desktop/code/university-management-syestem/node_modules/mongoose/lib/schemaType.js:1636:17)\n' +
    '    at cast (/home/nayeem/Desktop/code/university-management-syestem/node_modules/mongoose/lib/cast.js:375:32)\n' +
    '    at model.Query.Query.cast (/home/nayeem/Desktop/code/university-management-syestem/node_modules/mongoose/lib/query.js:4746:12)\n' +
    '    at model.Query.Query._castConditions (/home/nayeem/Desktop/code/university-management-syestem/node_modules/mongoose/lib/query.js:2200:10)\n' +
    '    at model.Query._findOne (/home/nayeem/Desktop/code/university-management-syestem/node_modules/mongoose/lib/query.js:2484:8)\n' +
    '    at model.Query.exec (/home/nayeem/Desktop/code/university-management-syestem/node_modules/mongoose/lib/query.js:4290:80)\n' +
    '    at processTicksAndRejections (node:internal/process/task_queues:95:5)',
  label: 'UM',
  timestamp: '2024-03-14T06:17:27.539Z'
}
{
  service: 'user-service',
  stringValue: '"65f280429700eb585c4eb1"',
  messageFormat: undefined,
  kind: 'ObjectId',
  value: '65f280429700eb585c4eb1',
  path: '_id',
  reason: BSONError: input must be a 24 character hex string, 12 byte Uint8Array, or an integer
      at new ObjectId (/home/nayeem/Desktop/code/university-management-syestem/node_modules/bson/src/objectid.ts:119:15)
      at castObjectId (/home/nayeem/Desktop/code/university-management-syestem/node_modules/mongoose/lib/cast/objectid.js:25:12)
      at SchemaObjectId.cast (/home/nayeem/Desktop/code/university-management-syestem/node_modules/mongoose/lib/schema/objectId.js:248:12)
      at SchemaObjectId.SchemaType.applySetters (/home/nayeem/Desktop/code/university-management-syestem/node_modules/mongoose/lib/schemaType.js:1221:12)
      at SchemaObjectId.SchemaType.castForQuery (/home/nayeem/Desktop/code/university-management-syestem/node_modules/mongoose/lib/schemaType.js:1636:17)
      at cast (/home/nayeem/Desktop/code/university-management-syestem/node_modules/mongoose/lib/cast.js:375:32)
      at model.Query.Query.cast (/home/nayeem/Desktop/code/university-management-syestem/node_modules/mongoose/lib/query.js:4746:12)
      at model.Query.Query._castConditions (/home/nayeem/Desktop/code/university-management-syestem/node_modules/mongoose/lib/query.js:2200:10)
      at model.Query._findOne (/home/nayeem/Desktop/code/university-management-syestem/node_modules/mongoose/lib/query.js:2484:8)
      at model.Query.exec (/home/nayeem/Desktop/code/university-management-syestem/node_modules/mongoose/lib/query.js:4290:80),
  valueType: 'string',
  model: Model { AcademicSemester },
  level: 'error',
  message: '🔥 globalErrorHandler Cast to ObjectId failed for value "65f280429700eb585c4eb1" (type string) at path "_id" for model "AcademicSemester"',
  stack: 'CastError: Cast to ObjectId failed for value "65f280429700eb585c4eb1" (type string) at path "_id" for model "AcademicSemester"\n' +
    '    at SchemaObjectId.cast (/home/nayeem/Desktop/code/university-management-syestem/node_modules/mongoose/lib/schema/objectId.js:250:11)\n' +
    '    at SchemaObjectId.SchemaType.applySetters (/home/nayeem/Desktop/code/university-management-syestem/node_modules/mongoose/lib/schemaType.js:1221:12)\n' +
    '    at SchemaObjectId.SchemaType.castForQuery (/home/nayeem/Desktop/code/university-management-syestem/node_modules/mongoose/lib/schemaType.js:1636:17)\n' +
    '    at cast (/home/nayeem/Desktop/code/university-management-syestem/node_modules/mongoose/lib/cast.js:375:32)\n' +
    '    at model.Query.Query.cast (/home/nayeem/Desktop/code/university-management-syestem/node_modules/mongoose/lib/query.js:4746:12)\n' +
    '    at model.Query.Query._castConditions (/home/nayeem/Desktop/code/university-management-syestem/node_modules/mongoose/lib/query.js:2200:10)\n' +
    '    at model.Query._findOne (/home/nayeem/Desktop/code/university-management-syestem/node_modules/mongoose/lib/query.js:2484:8)\n' +
    '    at model.Query.exec (/home/nayeem/Desktop/code/university-management-syestem/node_modules/mongoose/lib/query.js:4290:80)\n' +
    '    at processTicksAndRejections (node:internal/process/task_queues:95:5)',
  label: 'UM',
  timestamp: '2024-03-14T06:17:57.987Z'
}
